<?xml version="1.0" encoding="UTF-8"?>
<!-- Generated by org.testng.reporters.JUnitReportReporter -->
<testsuite hostname="LAPTOP-8VKI63NR" failures="0" tests="1" name="org.test.TenTen" time="56.597" errors="0" timestamp="01 Mar 2021 15:50:14 GMT" skipped="0">
  <testcase classname="org.test.TenTen" name="login" time="56.597"/>
</testsuite> <!-- org.test.TenTen -->
